Run Time:  2025-03-13 18:56:00 
Using  8665530_CORA.csv 
166560  data points loaded. 
Interval:  1:00:00 
 
All calculations and results are in Meters 
 
Gulf/East coast station:
   Using Modified Range Ratio Method 
 
Sampling Rate:  24.0  per day.   Using cutoff frequency of  4.0  per day 
Data Start:  2002-01-01 00:00:00 
Data End  :  2020-12-31 23:00:00 
Mean Water Level:  0.073 
Highest Water Level:  2.023 
Lowest Water Level:  -1.619 
Duration:  6939 days, 23:00:00 
High Tides Found:  13410 
Low Tides Found :  13410 
Tides per day: 3.9 
Semi-Diurnal - Using EXHL 
6705  Highs 
6705  Higher Highs 
6705  Lows 
6705  Lower Lows 
  
  
 TIDAL Datums by Arithmetic Mean of Your Data (First Reduction): 
HWL  =  2.021   (2016/10/08 07:00) 
MHHW =  0.890 
MHW  =  0.774 
DTL  =  0.100 
MTL  =  0.067 
MSL  =  0.073 
MLW  =  -0.641 
MLLW =  -0.691 
DHQ  =  0.116 
DLQ  =  0.050 
MN   =  1.415 
GT   =  1.582 
LWL  =  -1.570   (2007/04/16 05:00) 
  

SUBORDINATE MONTHLY MEANS: 
1 / 2002 : 
HWL  =  1.078 
MHHW =  0.650 
MHW  =  0.513 
MSL  =  -0.200 
MLW  =  -0.921 
MLLW =  -0.994 
LWL  =  -1.281 
2 / 2002 : 
HWL  =  1.023 
MHHW =  0.725 
MHW  =  0.619 
MSL  =  -0.084 
MLW  =  -0.792 
MLLW =  -0.851 
LWL  =  -1.246 
3 / 2002 : 
HWL  =  1.235 
MHHW =  0.759 
MHW  =  0.660 
MSL  =  -0.071 
MLW  =  -0.800 
MLLW =  -0.839 
LWL  =  -1.179 
4 / 2002 : 
HWL  =  1.221 
MHHW =  0.828 
MHW  =  0.720 
MSL  =  0.006 
MLW  =  -0.712 
MLLW =  -0.752 
LWL  =  -1.082 
5 / 2002 : 
HWL  =  1.258 
MHHW =  0.864 
MHW  =  0.722 
MSL  =  0.027 
MLW  =  -0.677 
MLLW =  -0.720 
LWL  =  -1.060 
6 / 2002 : 
HWL  =  1.176 
MHHW =  0.916 
MHW  =  0.768 
MSL  =  0.083 
MLW  =  -0.614 
MLLW =  -0.665 
LWL  =  -1.002 
7 / 2002 : 
HWL  =  1.194 
MHHW =  0.786 
MHW  =  0.651 
MSL  =  -0.020 
MLW  =  -0.709 
MLLW =  -0.778 
LWL  =  -1.107 
8 / 2002 : 
HWL  =  1.437 
MHHW =  0.933 
MHW  =  0.814 
MSL  =  0.139 
MLW  =  -0.557 
MLLW =  -0.606 
LWL  =  -0.833 
9 / 2002 : 
HWL  =  1.251 
MHHW =  1.001 
MHW  =  0.890 
MSL  =  0.194 
MLW  =  -0.513 
MLLW =  -0.549 
LWL  =  -0.840 
10 / 2002 : 
HWL  =  1.355 
MHHW =  1.023 
MHW  =  0.923 
MSL  =  0.227 
MLW  =  -0.484 
MLLW =  -0.519 
LWL  =  -0.922 
11 / 2002 : 
HWL  =  1.237 
MHHW =  0.838 
MHW  =  0.716 
MSL  =  0.005 
MLW  =  -0.717 
MLLW =  -0.749 
LWL  =  -1.313 
12 / 2002 : 
HWL  =  1.287 
MHHW =  0.783 
MHW  =  0.639 
MSL  =  -0.072 
MLW  =  -0.794 
MLLW =  -0.864 
LWL  =  -1.219 
1 / 2003 : 
HWL  =  1.124 
MHHW =  0.666 
MHW  =  0.527 
MSL  =  -0.171 
MLW  =  -0.871 
MLLW =  -0.925 
LWL  =  -1.329 
2 / 2003 : 
HWL  =  1.015 
MHHW =  0.656 
MHW  =  0.537 
MSL  =  -0.152 
MLW  =  -0.840 
MLLW =  -0.897 
LWL  =  -1.084 
3 / 2003 : 
HWL  =  1.257 
MHHW =  0.855 
MHW  =  0.757 
MSL  =  0.058 
MLW  =  -0.636 
MLLW =  -0.679 
LWL  =  -0.889 
4 / 2003 : 
HWL  =  1.325 
MHHW =  0.885 
MHW  =  0.767 
MSL  =  0.081 
MLW  =  -0.623 
MLLW =  -0.661 
LWL  =  -1.063 
5 / 2003 : 
HWL  =  1.289 
MHHW =  0.850 
MHW  =  0.713 
MSL  =  0.030 
MLW  =  -0.659 
MLLW =  -0.694 
LWL  =  -1.056 
6 / 2003 : 
HWL  =  1.068 
MHHW =  0.806 
MHW  =  0.654 
MSL  =  -0.023 
MLW  =  -0.710 
MLLW =  -0.764 
LWL  =  -1.093 
7 / 2003 : 
HWL  =  0.955 
MHHW =  0.683 
MHW  =  0.533 
MSL  =  -0.155 
MLW  =  -0.848 
MLLW =  -0.910 
LWL  =  -1.161 
8 / 2003 : 
HWL  =  0.949 
MHHW =  0.728 
MHW  =  0.609 
MSL  =  -0.088 
MLW  =  -0.797 
MLLW =  -0.848 
LWL  =  -1.121 
9 / 2003 : 
HWL  =  1.311 
MHHW =  1.006 
MHW  =  0.896 
MSL  =  0.200 
MLW  =  -0.507 
MLLW =  -0.557 
LWL  =  -0.948 
10 / 2003 : 
HWL  =  1.240 
MHHW =  0.984 
MHW  =  0.869 
MSL  =  0.171 
MLW  =  -0.548 
MLLW =  -0.586 
LWL  =  -0.916 
11 / 2003 : 
HWL  =  1.283 
MHHW =  0.907 
MHW  =  0.775 
MSL  =  0.089 
MLW  =  -0.612 
MLLW =  -0.654 
LWL  =  -1.129 
12 / 2003 : 
HWL  =  1.094 
MHHW =  0.786 
MHW  =  0.641 
MSL  =  -0.045 
MLW  =  -0.739 
MLLW =  -0.795 
LWL  =  -1.169 
1 / 2004 : 
HWL  =  1.106 
MHHW =  0.699 
MHW  =  0.569 
MSL  =  -0.101 
MLW  =  -0.773 
MLLW =  -0.833 
LWL  =  -1.201 
2 / 2004 : 
HWL  =  1.089 
MHHW =  0.756 
MHW  =  0.636 
MSL  =  -0.041 
MLW  =  -0.717 
MLLW =  -0.783 
LWL  =  -1.276 
3 / 2004 : 
HWL  =  1.076 
MHHW =  0.690 
MHW  =  0.578 
MSL  =  -0.090 
MLW  =  -0.760 
MLLW =  -0.806 
LWL  =  -1.338 
4 / 2004 : 
HWL  =  1.069 
MHHW =  0.662 
MHW  =  0.559 
MSL  =  -0.127 
MLW  =  -0.818 
MLLW =  -0.852 
LWL  =  -1.161 
5 / 2004 : 
HWL  =  1.098 
MHHW =  0.727 
MHW  =  0.601 
MSL  =  -0.094 
MLW  =  -0.792 
MLLW =  -0.838 
LWL  =  -1.096 
6 / 2004 : 
HWL  =  1.123 
MHHW =  0.814 
MHW  =  0.654 
MSL  =  -0.035 
MLW  =  -0.736 
MLLW =  -0.788 
LWL  =  -1.057 
7 / 2004 : 
HWL  =  1.097 
MHHW =  0.829 
MHW  =  0.680 
MSL  =  -0.011 
MLW  =  -0.720 
MLLW =  -0.770 
LWL  =  -1.042 
8 / 2004 : 
HWL  =  1.214 
MHHW =  0.823 
MHW  =  0.713 
MSL  =  0.007 
MLW  =  -0.701 
MLLW =  -0.762 
LWL  =  -1.118 
9 / 2004 : 
HWL  =  1.261 
MHHW =  0.939 
MHW  =  0.831 
MSL  =  0.143 
MLW  =  -0.554 
MLLW =  -0.608 
LWL  =  -1.051 
10 / 2004 : 
HWL  =  1.234 
MHHW =  0.987 
MHW  =  0.876 
MSL  =  0.197 
MLW  =  -0.501 
MLLW =  -0.541 
LWL  =  -0.990 
11 / 2004 : 
HWL  =  1.189 
MHHW =  0.859 
MHW  =  0.717 
MSL  =  0.052 
MLW  =  -0.622 
MLLW =  -0.672 
LWL  =  -1.011 
12 / 2004 : 
HWL  =  1.008 
MHHW =  0.707 
MHW  =  0.565 
MSL  =  -0.101 
MLW  =  -0.778 
MLLW =  -0.838 
LWL  =  -1.431 
1 / 2005 : 
HWL  =  1.128 
MHHW =  0.800 
MHW  =  0.683 
MSL  =  0.012 
MLW  =  -0.665 
MLLW =  -0.724 
LWL  =  -1.076 
2 / 2005 : 
HWL  =  1.273 
MHHW =  0.851 
MHW  =  0.726 
MSL  =  0.045 
MLW  =  -0.649 
MLLW =  -0.714 
LWL  =  -1.006 
3 / 2005 : 
HWL  =  1.224 
MHHW =  0.729 
MHW  =  0.614 
MSL  =  -0.079 
MLW  =  -0.787 
MLLW =  -0.862 
LWL  =  -1.501 
4 / 2005 : 
HWL  =  1.168 
MHHW =  0.805 
MHW  =  0.689 
MSL  =  0.006 
MLW  =  -0.685 
MLLW =  -0.738 
LWL  =  -1.135 
5 / 2005 : 
HWL  =  1.265 
MHHW =  0.896 
MHW  =  0.765 
MSL  =  0.082 
MLW  =  -0.619 
MLLW =  -0.664 
LWL  =  -1.000 
6 / 2005 : 
HWL  =  1.204 
MHHW =  0.897 
MHW  =  0.761 
MSL  =  0.076 
MLW  =  -0.621 
MLLW =  -0.675 
LWL  =  -0.976 
7 / 2005 : 
HWL  =  1.159 
MHHW =  0.811 
MHW  =  0.668 
MSL  =  -0.009 
MLW  =  -0.695 
MLLW =  -0.755 
LWL  =  -1.082 
8 / 2005 : 
HWL  =  1.187 
MHHW =  0.909 
MHW  =  0.784 
MSL  =  0.120 
MLW  =  -0.558 
MLLW =  -0.616 
LWL  =  -0.887 
9 / 2005 : 
HWL  =  1.215 
MHHW =  1.025 
MHW  =  0.923 
MSL  =  0.253 
MLW  =  -0.431 
MLLW =  -0.472 
LWL  =  -0.873 
10 / 2005 : 
HWL  =  1.447 
MHHW =  1.002 
MHW  =  0.902 
MSL  =  0.233 
MLW  =  -0.451 
MLLW =  -0.503 
LWL  =  -0.888 
11 / 2005 : 
HWL  =  1.146 
MHHW =  0.817 
MHW  =  0.673 
MSL  =  -0.005 
MLW  =  -0.693 
MLLW =  -0.736 
LWL  =  -1.131 
12 / 2005 : 
HWL  =  1.113 
MHHW =  0.734 
MHW  =  0.600 
MSL  =  -0.092 
MLW  =  -0.790 
MLLW =  -0.861 
LWL  =  -1.186 
1 / 2006 : 
HWL  =  1.059 
MHHW =  0.739 
MHW  =  0.609 
MSL  =  -0.086 
MLW  =  -0.791 
MLLW =  -0.854 
LWL  =  -1.066 
2 / 2006 : 
HWL  =  1.100 
MHHW =  0.664 
MHW  =  0.570 
MSL  =  -0.109 
MLW  =  -0.799 
MLLW =  -0.852 
LWL  =  -1.239 
3 / 2006 : 
HWL  =  1.061 
MHHW =  0.768 
MHW  =  0.668 
MSL  =  -0.047 
MLW  =  -0.768 
MLLW =  -0.820 
LWL  =  -1.154 
4 / 2006 : 
HWL  =  1.223 
MHHW =  0.754 
MHW  =  0.631 
MSL  =  -0.056 
MLW  =  -0.753 
MLLW =  -0.788 
LWL  =  -1.060 
5 / 2006 : 
HWL  =  1.133 
MHHW =  0.888 
MHW  =  0.738 
MSL  =  0.065 
MLW  =  -0.625 
MLLW =  -0.670 
LWL  =  -1.027 
6 / 2006 : 
HWL  =  1.193 
MHHW =  0.808 
MHW  =  0.661 
MSL  =  -0.002 
MLW  =  -0.675 
MLLW =  -0.737 
LWL  =  -1.073 
7 / 2006 : 
HWL  =  0.956 
MHHW =  0.711 
MHW  =  0.588 
MSL  =  -0.071 
MLW  =  -0.742 
MLLW =  -0.802 
LWL  =  -1.079 
8 / 2006 : 
HWL  =  1.277 
MHHW =  0.838 
MHW  =  0.715 
MSL  =  0.048 
MLW  =  -0.632 
MLLW =  -0.687 
LWL  =  -1.015 
9 / 2006 : 
HWL  =  1.336 
MHHW =  0.959 
MHW  =  0.857 
MSL  =  0.177 
MLW  =  -0.514 
MLLW =  -0.564 
LWL  =  -0.813 
10 / 2006 : 
HWL  =  1.443 
MHHW =  0.896 
MHW  =  0.794 
MSL  =  0.118 
MLW  =  -0.571 
MLLW =  -0.621 
LWL  =  -0.803 
11 / 2006 : 
HWL  =  1.343 
MHHW =  0.896 
MHW  =  0.767 
MSL  =  0.076 
MLW  =  -0.627 
MLLW =  -0.664 
LWL  =  -0.873 
12 / 2006 : 
HWL  =  1.203 
MHHW =  0.821 
MHW  =  0.671 
MSL  =  -0.016 
MLW  =  -0.713 
MLLW =  -0.773 
LWL  =  -1.038 
1 / 2007 : 
HWL  =  1.148 
MHHW =  0.736 
MHW  =  0.604 
MSL  =  -0.079 
MLW  =  -0.768 
MLLW =  -0.844 
LWL  =  -1.236 
2 / 2007 : 
HWL  =  1.107 
MHHW =  0.678 
MHW  =  0.575 
MSL  =  -0.103 
MLW  =  -0.787 
MLLW =  -0.843 
LWL  =  -1.283 
3 / 2007 : 
HWL  =  0.969 
MHHW =  0.698 
MHW  =  0.602 
MSL  =  -0.083 
MLW  =  -0.771 
MLLW =  -0.823 
LWL  =  -1.215 
4 / 2007 : 
HWL  =  1.369 
MHHW =  0.786 
MHW  =  0.658 
MSL  =  -0.022 
MLW  =  -0.719 
MLLW =  -0.778 
LWL  =  -1.570 
5 / 2007 : 
HWL  =  1.344 
MHHW =  0.920 
MHW  =  0.771 
MSL  =  0.103 
MLW  =  -0.575 
MLLW =  -0.615 
LWL  =  -0.978 
6 / 2007 : 
HWL  =  1.449 
MHHW =  0.929 
MHW  =  0.768 
MSL  =  0.105 
MLW  =  -0.572 
MLLW =  -0.638 
LWL  =  -0.829 
7 / 2007 : 
HWL  =  1.228 
MHHW =  0.882 
MHW  =  0.744 
MSL  =  0.067 
MLW  =  -0.622 
MLLW =  -0.678 
LWL  =  -0.932 
8 / 2007 : 
HWL  =  1.197 
MHHW =  0.850 
MHW  =  0.744 
MSL  =  0.048 
MLW  =  -0.662 
MLLW =  -0.717 
LWL  =  -1.005 
9 / 2007 : 
HWL  =  1.338 
MHHW =  1.015 
MHW  =  0.911 
MSL  =  0.214 
MLW  =  -0.491 
MLLW =  -0.543 
LWL  =  -0.859 
10 / 2007 : 
HWL  =  1.388 
MHHW =  1.012 
MHW  =  0.890 
MSL  =  0.205 
MLW  =  -0.496 
MLLW =  -0.535 
LWL  =  -0.915 
11 / 2007 : 
HWL  =  1.324 
MHHW =  0.874 
MHW  =  0.739 
MSL  =  0.056 
MLW  =  -0.640 
MLLW =  -0.693 
LWL  =  -1.148 
12 / 2007 : 
HWL  =  1.270 
MHHW =  0.755 
MHW  =  0.625 
MSL  =  -0.043 
MLW  =  -0.723 
MLLW =  -0.786 
LWL  =  -1.167 
1 / 2008 : 
HWL  =  1.175 
MHHW =  0.669 
MHW  =  0.534 
MSL  =  -0.132 
MLW  =  -0.804 
MLLW =  -0.848 
LWL  =  -1.119 
2 / 2008 : 
HWL  =  0.979 
MHHW =  0.638 
MHW  =  0.525 
MSL  =  -0.158 
MLW  =  -0.841 
MLLW =  -0.922 
LWL  =  -1.272 
3 / 2008 : 
HWL  =  0.849 
MHHW =  0.631 
MHW  =  0.518 
MSL  =  -0.144 
MLW  =  -0.808 
MLLW =  -0.856 
LWL  =  -1.537 
4 / 2008 : 
HWL  =  1.314 
MHHW =  0.845 
MHW  =  0.726 
MSL  =  0.044 
MLW  =  -0.643 
MLLW =  -0.678 
LWL  =  -1.015 
5 / 2008 : 
HWL  =  1.306 
MHHW =  0.904 
MHW  =  0.750 
MSL  =  0.058 
MLW  =  -0.638 
MLLW =  -0.673 
LWL  =  -0.916 
6 / 2008 : 
HWL  =  1.119 
MHHW =  0.772 
MHW  =  0.611 
MSL  =  -0.079 
MLW  =  -0.784 
MLLW =  -0.841 
LWL  =  -1.167 
7 / 2008 : 
HWL  =  1.086 
MHHW =  0.841 
MHW  =  0.690 
MSL  =  -0.003 
MLW  =  -0.703 
MLLW =  -0.753 
LWL  =  -1.038 
8 / 2008 : 
HWL  =  1.209 
MHHW =  0.956 
MHW  =  0.846 
MSL  =  0.149 
MLW  =  -0.563 
MLLW =  -0.608 
LWL  =  -0.947 
9 / 2008 : 
HWL  =  1.362 
MHHW =  1.050 
MHW  =  0.952 
MSL  =  0.267 
MLW  =  -0.438 
MLLW =  -0.480 
LWL  =  -0.720 
10 / 2008 : 
HWL  =  1.385 
MHHW =  1.024 
MHW  =  0.903 
MSL  =  0.227 
MLW  =  -0.466 
MLLW =  -0.510 
LWL  =  -0.891 
11 / 2008 : 
HWL  =  1.328 
MHHW =  0.908 
MHW  =  0.760 
MSL  =  0.094 
MLW  =  -0.584 
MLLW =  -0.623 
LWL  =  -1.074 
12 / 2008 : 
HWL  =  1.101 
MHHW =  0.672 
MHW  =  0.516 
MSL  =  -0.149 
MLW  =  -0.821 
MLLW =  -0.872 
LWL  =  -1.310 
1 / 2009 : 
HWL  =  0.980 
MHHW =  0.608 
MHW  =  0.495 
MSL  =  -0.198 
MLW  =  -0.892 
MLLW =  -0.947 
LWL  =  -1.452 
2 / 2009 : 
HWL  =  0.819 
MHHW =  0.589 
MHW  =  0.485 
MSL  =  -0.211 
MLW  =  -0.912 
MLLW =  -0.959 
LWL  =  -1.351 
3 / 2009 : 
HWL  =  1.128 
MHHW =  0.767 
MHW  =  0.651 
MSL  =  -0.046 
MLW  =  -0.756 
MLLW =  -0.794 
LWL  =  -1.215 
4 / 2009 : 
HWL  =  1.143 
MHHW =  0.771 
MHW  =  0.639 
MSL  =  -0.065 
MLW  =  -0.767 
MLLW =  -0.807 
LWL  =  -1.270 
5 / 2009 : 
HWL  =  1.150 
MHHW =  0.846 
MHW  =  0.714 
MSL  =  0.022 
MLW  =  -0.678 
MLLW =  -0.717 
LWL  =  -1.041 
6 / 2009 : 
HWL  =  1.458 
MHHW =  0.976 
MHW  =  0.831 
MSL  =  0.140 
MLW  =  -0.569 
MLLW =  -0.623 
LWL  =  -0.832 
7 / 2009 : 
HWL  =  1.160 
MHHW =  0.855 
MHW  =  0.713 
MSL  =  0.034 
MLW  =  -0.659 
MLLW =  -0.717 
LWL  =  -0.996 
8 / 2009 : 
HWL  =  1.155 
MHHW =  0.812 
MHW  =  0.681 
MSL  =  0.005 
MLW  =  -0.677 
MLLW =  -0.723 
LWL  =  -0.952 
9 / 2009 : 
HWL  =  1.453 
MHHW =  1.114 
MHW  =  1.009 
MSL  =  0.337 
MLW  =  -0.355 
MLLW =  -0.395 
LWL  =  -0.604 
10 / 2009 : 
HWL  =  1.384 
MHHW =  1.005 
MHW  =  0.884 
MSL  =  0.208 
MLW  =  -0.481 
MLLW =  -0.524 
LWL  =  -0.778 
11 / 2009 : 
HWL  =  1.487 
MHHW =  1.084 
MHW  =  0.945 
MSL  =  0.263 
MLW  =  -0.437 
MLLW =  -0.477 
LWL  =  -0.749 
12 / 2009 : 
HWL  =  1.401 
MHHW =  0.997 
MHW  =  0.845 
MSL  =  0.150 
MLW  =  -0.562 
MLLW =  -0.635 
LWL  =  -1.055 
1 / 2010 : 
HWL  =  1.411 
MHHW =  0.811 
MHW  =  0.687 
MSL  =  -0.021 
MLW  =  -0.753 
MLLW =  -0.811 
LWL  =  -1.098 
2 / 2010 : 
HWL  =  1.082 
MHHW =  0.796 
MHW  =  0.699 
MSL  =  0.004 
MLW  =  -0.704 
MLLW =  -0.773 
LWL  =  -1.228 
3 / 2010 : 
HWL  =  1.199 
MHHW =  0.888 
MHW  =  0.782 
MSL  =  0.049 
MLW  =  -0.680 
MLLW =  -0.721 
LWL  =  -1.109 
4 / 2010 : 
HWL  =  1.093 
MHHW =  0.772 
MHW  =  0.643 
MSL  =  -0.061 
MLW  =  -0.781 
MLLW =  -0.816 
LWL  =  -1.293 
5 / 2010 : 
HWL  =  1.307 
MHHW =  0.809 
MHW  =  0.660 
MSL  =  -0.030 
MLW  =  -0.727 
MLLW =  -0.765 
LWL  =  -1.063 
6 / 2010 : 
HWL  =  1.111 
MHHW =  0.785 
MHW  =  0.632 
MSL  =  -0.049 
MLW  =  -0.745 
MLLW =  -0.801 
LWL  =  -1.007 
7 / 2010 : 
HWL  =  1.120 
MHHW =  0.780 
MHW  =  0.661 
MSL  =  -0.018 
MLW  =  -0.704 
MLLW =  -0.767 
LWL  =  -1.016 
8 / 2010 : 
HWL  =  1.240 
MHHW =  0.911 
MHW  =  0.804 
MSL  =  0.118 
MLW  =  -0.582 
MLLW =  -0.635 
LWL  =  -0.961 
9 / 2010 : 
HWL  =  1.308 
MHHW =  0.984 
MHW  =  0.880 
MSL  =  0.185 
MLW  =  -0.529 
MLLW =  -0.572 
LWL  =  -0.921 
10 / 2010 : 
HWL  =  1.367 
MHHW =  0.958 
MHW  =  0.842 
MSL  =  0.145 
MLW  =  -0.570 
MLLW =  -0.600 
LWL  =  -0.854 
11 / 2010 : 
HWL  =  1.206 
MHHW =  0.932 
MHW  =  0.811 
MSL  =  0.105 
MLW  =  -0.612 
MLLW =  -0.656 
LWL  =  -1.016 
12 / 2010 : 
HWL  =  1.095 
MHHW =  0.790 
MHW  =  0.636 
MSL  =  -0.072 
MLW  =  -0.786 
MLLW =  -0.849 
LWL  =  -1.242 
1 / 2011 : 
HWL  =  1.021 
MHHW =  0.727 
MHW  =  0.596 
MSL  =  -0.121 
MLW  =  -0.842 
MLLW =  -0.914 
LWL  =  -1.387 
2 / 2011 : 
HWL  =  1.014 
MHHW =  0.734 
MHW  =  0.620 
MSL  =  -0.099 
MLW  =  -0.815 
MLLW =  -0.882 
LWL  =  -1.284 
3 / 2011 : 
HWL  =  1.121 
MHHW =  0.792 
MHW  =  0.699 
MSL  =  -0.005 
MLW  =  -0.710 
MLLW =  -0.757 
LWL  =  -1.211 
4 / 2011 : 
HWL  =  1.128 
MHHW =  0.722 
MHW  =  0.613 
MSL  =  -0.091 
MLW  =  -0.795 
MLLW =  -0.825 
LWL  =  -1.112 
5 / 2011 : 
HWL  =  1.188 
MHHW =  0.858 
MHW  =  0.715 
MSL  =  0.026 
MLW  =  -0.675 
MLLW =  -0.723 
LWL  =  -0.986 
6 / 2011 : 
HWL  =  1.288 
MHHW =  0.850 
MHW  =  0.701 
MSL  =  0.011 
MLW  =  -0.700 
MLLW =  -0.761 
LWL  =  -0.955 
7 / 2011 : 
HWL  =  1.293 
MHHW =  0.882 
MHW  =  0.753 
MSL  =  0.051 
MLW  =  -0.669 
MLLW =  -0.730 
LWL  =  -1.009 
8 / 2011 : 
HWL  =  1.400 
MHHW =  0.986 
MHW  =  0.891 
MSL  =  0.165 
MLW  =  -0.576 
MLLW =  -0.618 
LWL  =  -0.945 
9 / 2011 : 
HWL  =  1.196 
MHHW =  0.981 
MHW  =  0.896 
MSL  =  0.172 
MLW  =  -0.565 
MLLW =  -0.605 
LWL  =  -0.926 
10 / 2011 : 
HWL  =  1.253 
MHHW =  0.981 
MHW  =  0.872 
MSL  =  0.154 
MLW  =  -0.572 
MLLW =  -0.620 
LWL  =  -1.015 
11 / 2011 : 
HWL  =  1.192 
MHHW =  0.918 
MHW  =  0.798 
MSL  =  0.086 
MLW  =  -0.636 
MLLW =  -0.676 
LWL  =  -1.268 
12 / 2011 : 
HWL  =  1.261 
MHHW =  0.837 
MHW  =  0.684 
MSL  =  -0.008 
MLW  =  -0.711 
MLLW =  -0.776 
LWL  =  -1.221 
1 / 2012 : 
HWL  =  1.133 
MHHW =  0.664 
MHW  =  0.552 
MSL  =  -0.144 
MLW  =  -0.845 
MLLW =  -0.898 
LWL  =  -1.293 
2 / 2012 : 
HWL  =  1.159 
MHHW =  0.790 
MHW  =  0.677 
MSL  =  -0.030 
MLW  =  -0.746 
MLLW =  -0.800 
LWL  =  -1.140 
3 / 2012 : 
HWL  =  1.162 
MHHW =  0.735 
MHW  =  0.640 
MSL  =  -0.053 
MLW  =  -0.749 
MLLW =  -0.783 
LWL  =  -1.150 
4 / 2012 : 
HWL  =  1.381 
MHHW =  0.877 
MHW  =  0.782 
MSL  =  0.073 
MLW  =  -0.654 
MLLW =  -0.699 
LWL  =  -1.022 
5 / 2012 : 
HWL  =  1.434 
MHHW =  0.973 
MHW  =  0.847 
MSL  =  0.125 
MLW  =  -0.605 
MLLW =  -0.652 
LWL  =  -0.994 
6 / 2012 : 
HWL  =  1.441 
MHHW =  1.073 
MHW  =  0.932 
MSL  =  0.214 
MLW  =  -0.521 
MLLW =  -0.584 
LWL  =  -0.932 
7 / 2012 : 
HWL  =  1.213 
MHHW =  0.884 
MHW  =  0.742 
MSL  =  0.017 
MLW  =  -0.718 
MLLW =  -0.780 
LWL  =  -1.083 
8 / 2012 : 
HWL  =  1.178 
MHHW =  0.919 
MHW  =  0.823 
MSL  =  0.103 
MLW  =  -0.636 
MLLW =  -0.682 
LWL  =  -0.816 
9 / 2012 : 
HWL  =  1.227 
MHHW =  0.924 
MHW  =  0.847 
MSL  =  0.130 
MLW  =  -0.603 
MLLW =  -0.645 
LWL  =  -0.993 
10 / 2012 : 
HWL  =  1.342 
MHHW =  0.972 
MHW  =  0.875 
MSL  =  0.169 
MLW  =  -0.546 
MLLW =  -0.583 
LWL  =  -0.946 
11 / 2012 : 
HWL  =  1.485 
MHHW =  1.049 
MHW  =  0.927 
MSL  =  0.231 
MLW  =  -0.483 
MLLW =  -0.518 
LWL  =  -0.922 
12 / 2012 : 
HWL  =  1.379 
MHHW =  0.868 
MHW  =  0.730 
MSL  =  0.029 
MLW  =  -0.676 
MLLW =  -0.745 
LWL  =  -1.023 
1 / 2013 : 
HWL  =  1.162 
MHHW =  0.817 
MHW  =  0.711 
MSL  =  -0.011 
MLW  =  -0.737 
MLLW =  -0.790 
LWL  =  -1.186 
2 / 2013 : 
HWL  =  1.243 
MHHW =  0.755 
MHW  =  0.664 
MSL  =  -0.058 
MLW  =  -0.778 
MLLW =  -0.829 
LWL  =  -1.135 
3 / 2013 : 
HWL  =  1.256 
MHHW =  0.822 
MHW  =  0.746 
MSL  =  0.013 
MLW  =  -0.731 
MLLW =  -0.775 
LWL  =  -1.177 
4 / 2013 : 
HWL  =  1.257 
MHHW =  0.886 
MHW  =  0.783 
MSL  =  0.056 
MLW  =  -0.682 
MLLW =  -0.730 
LWL  =  -0.969 
5 / 2013 : 
HWL  =  1.345 
MHHW =  0.928 
MHW  =  0.820 
MSL  =  0.095 
MLW  =  -0.648 
MLLW =  -0.688 
LWL  =  -0.975 
6 / 2013 : 
HWL  =  1.291 
MHHW =  0.845 
MHW  =  0.727 
MSL  =  -0.000 
MLW  =  -0.738 
MLLW =  -0.802 
LWL  =  -1.051 
7 / 2013 : 
HWL  =  1.175 
MHHW =  0.859 
MHW  =  0.742 
MSL  =  0.030 
MLW  =  -0.699 
MLLW =  -0.752 
LWL  =  -1.125 
8 / 2013 : 
HWL  =  1.239 
MHHW =  0.927 
MHW  =  0.834 
MSL  =  0.138 
MLW  =  -0.570 
MLLW =  -0.624 
LWL  =  -0.901 
9 / 2013 : 
HWL  =  1.282 
MHHW =  0.988 
MHW  =  0.906 
MSL  =  0.203 
MLW  =  -0.514 
MLLW =  -0.566 
LWL  =  -0.771 
10 / 2013 : 
HWL  =  1.384 
MHHW =  1.019 
MHW  =  0.947 
MSL  =  0.244 
MLW  =  -0.479 
MLLW =  -0.510 
LWL  =  -0.738 
11 / 2013 : 
HWL  =  1.307 
MHHW =  0.963 
MHW  =  0.851 
MSL  =  0.131 
MLW  =  -0.594 
MLLW =  -0.641 
LWL  =  -0.951 
12 / 2013 : 
HWL  =  1.214 
MHHW =  0.872 
MHW  =  0.756 
MSL  =  0.022 
MLW  =  -0.716 
MLLW =  -0.771 
LWL  =  -1.123 
1 / 2014 : 
HWL  =  1.190 
MHHW =  0.843 
MHW  =  0.729 
MSL  =  -0.025 
MLW  =  -0.781 
MLLW =  -0.846 
LWL  =  -1.378 
2 / 2014 : 
HWL  =  1.271 
MHHW =  0.872 
MHW  =  0.790 
MSL  =  0.065 
MLW  =  -0.670 
MLLW =  -0.732 
LWL  =  -1.043 
3 / 2014 : 
HWL  =  1.332 
MHHW =  0.910 
MHW  =  0.846 
MSL  =  0.086 
MLW  =  -0.673 
MLLW =  -0.734 
LWL  =  -1.204 
4 / 2014 : 
HWL  =  1.394 
MHHW =  0.937 
MHW  =  0.853 
MSL  =  0.123 
MLW  =  -0.615 
MLLW =  -0.645 
LWL  =  -0.963 
5 / 2014 : 
HWL  =  1.197 
MHHW =  0.925 
MHW  =  0.803 
MSL  =  0.087 
MLW  =  -0.646 
MLLW =  -0.694 
LWL  =  -0.994 
6 / 2014 : 
HWL  =  1.201 
MHHW =  0.943 
MHW  =  0.822 
MSL  =  0.115 
MLW  =  -0.610 
MLLW =  -0.685 
LWL  =  -0.927 
7 / 2014 : 
HWL  =  1.239 
MHHW =  0.924 
MHW  =  0.825 
MSL  =  0.114 
MLW  =  -0.605 
MLLW =  -0.669 
LWL  =  -0.949 
8 / 2014 : 
HWL  =  1.332 
MHHW =  1.017 
MHW  =  0.935 
MSL  =  0.219 
MLW  =  -0.514 
MLLW =  -0.569 
LWL  =  -0.943 
9 / 2014 : 
HWL  =  1.351 
MHHW =  1.110 
MHW  =  1.029 
MSL  =  0.312 
MLW  =  -0.428 
MLLW =  -0.474 
LWL  =  -0.801 
10 / 2014 : 
HWL  =  1.249 
MHHW =  0.999 
MHW  =  0.917 
MSL  =  0.192 
MLW  =  -0.557 
MLLW =  -0.596 
LWL  =  -0.937 
11 / 2014 : 
HWL  =  1.222 
MHHW =  0.956 
MHW  =  0.864 
MSL  =  0.138 
MLW  =  -0.607 
MLLW =  -0.669 
LWL  =  -1.070 
12 / 2014 : 
HWL  =  1.322 
MHHW =  0.965 
MHW  =  0.862 
MSL  =  0.135 
MLW  =  -0.602 
MLLW =  -0.654 
LWL  =  -0.994 
1 / 2015 : 
HWL  =  1.289 
MHHW =  0.913 
MHW  =  0.799 
MSL  =  0.072 
MLW  =  -0.664 
MLLW =  -0.732 
LWL  =  -1.154 
2 / 2015 : 
HWL  =  1.263 
MHHW =  0.900 
MHW  =  0.808 
MSL  =  0.073 
MLW  =  -0.677 
MLLW =  -0.748 
LWL  =  -1.225 
3 / 2015 : 
HWL  =  1.315 
MHHW =  0.826 
MHW  =  0.756 
MSL  =  0.038 
MLW  =  -0.691 
MLLW =  -0.750 
LWL  =  -0.973 
4 / 2015 : 
HWL  =  1.264 
MHHW =  0.869 
MHW  =  0.779 
MSL  =  0.060 
MLW  =  -0.668 
MLLW =  -0.714 
LWL  =  -1.084 
5 / 2015 : 
HWL  =  1.266 
MHHW =  0.926 
MHW  =  0.823 
MSL  =  0.109 
MLW  =  -0.612 
MLLW =  -0.651 
LWL  =  -0.983 
6 / 2015 : 
HWL  =  1.180 
MHHW =  0.860 
MHW  =  0.729 
MSL  =  0.011 
MLW  =  -0.720 
MLLW =  -0.775 
LWL  =  -1.062 
7 / 2015 : 
HWL  =  1.303 
MHHW =  0.944 
MHW  =  0.827 
MSL  =  0.099 
MLW  =  -0.644 
MLLW =  -0.707 
LWL  =  -1.083 
8 / 2015 : 
HWL  =  1.305 
MHHW =  0.981 
MHW  =  0.899 
MSL  =  0.152 
MLW  =  -0.607 
MLLW =  -0.661 
LWL  =  -0.936 
9 / 2015 : 
HWL  =  1.544 
MHHW =  1.051 
MHW  =  0.982 
MSL  =  0.239 
MLW  =  -0.519 
MLLW =  -0.550 
LWL  =  -0.932 
10 / 2015 : 
HWL  =  1.703 
MHHW =  1.228 
MHW  =  1.145 
MSL  =  0.411 
MLW  =  -0.350 
MLLW =  -0.392 
LWL  =  -0.807 
11 / 2015 : 
HWL  =  1.336 
MHHW =  1.079 
MHW  =  0.976 
MSL  =  0.250 
MLW  =  -0.494 
MLLW =  -0.530 
LWL  =  -0.859 
12 / 2015 : 
HWL  =  1.190 
MHHW =  1.002 
MHW  =  0.893 
MSL  =  0.180 
MLW  =  -0.552 
MLLW =  -0.597 
LWL  =  -0.963 
1 / 2016 : 
HWL  =  1.232 
MHHW =  0.924 
MHW  =  0.823 
MSL  =  0.115 
MLW  =  -0.609 
MLLW =  -0.693 
LWL  =  -1.092 
2 / 2016 : 
HWL  =  1.294 
MHHW =  0.869 
MHW  =  0.771 
MSL  =  0.046 
MLW  =  -0.688 
MLLW =  -0.739 
LWL  =  -1.178 
3 / 2016 : 
HWL  =  1.166 
MHHW =  0.850 
MHW  =  0.778 
MSL  =  0.065 
MLW  =  -0.665 
MLLW =  -0.706 
LWL  =  -1.146 
4 / 2016 : 
HWL  =  1.171 
MHHW =  0.961 
MHW  =  0.868 
MSL  =  0.139 
MLW  =  -0.603 
MLLW =  -0.645 
LWL  =  -1.135 
5 / 2016 : 
HWL  =  1.330 
MHHW =  0.971 
MHW  =  0.865 
MSL  =  0.130 
MLW  =  -0.619 
MLLW =  -0.659 
LWL  =  -0.887 
6 / 2016 : 
HWL  =  1.371 
MHHW =  1.056 
MHW  =  0.933 
MSL  =  0.204 
MLW  =  -0.547 
MLLW =  -0.605 
LWL  =  -0.854 
7 / 2016 : 
HWL  =  1.237 
MHHW =  0.879 
MHW  =  0.755 
MSL  =  0.023 
MLW  =  -0.725 
MLLW =  -0.784 
LWL  =  -1.052 
8 / 2016 : 
HWL  =  1.205 
MHHW =  0.922 
MHW  =  0.836 
MSL  =  0.112 
MLW  =  -0.632 
MLLW =  -0.677 
LWL  =  -1.016 
9 / 2016 : 
HWL  =  1.250 
MHHW =  0.987 
MHW  =  0.908 
MSL  =  0.185 
MLW  =  -0.544 
MLLW =  -0.593 
LWL  =  -1.010 
10 / 2016 : 
HWL  =  2.021 
MHHW =  1.153 
MHW  =  1.077 
MSL  =  0.355 
MLW  =  -0.383 
MLLW =  -0.419 
LWL  =  -0.677 
11 / 2016 : 
HWL  =  1.461 
MHHW =  1.052 
MHW  =  0.952 
MSL  =  0.241 
MLW  =  -0.488 
MLLW =  -0.522 
LWL  =  -0.833 
12 / 2016 : 
HWL  =  1.314 
MHHW =  0.943 
MHW  =  0.822 
MSL  =  0.108 
MLW  =  -0.616 
MLLW =  -0.671 
LWL  =  -1.069 
1 / 2017 : 
HWL  =  1.197 
MHHW =  0.799 
MHW  =  0.693 
MSL  =  -0.028 
MLW  =  -0.760 
MLLW =  -0.825 
LWL  =  -1.195 
2 / 2017 : 
HWL  =  1.019 
MHHW =  0.774 
MHW  =  0.696 
MSL  =  -0.025 
MLW  =  -0.752 
MLLW =  -0.811 
LWL  =  -1.270 
3 / 2017 : 
HWL  =  1.283 
MHHW =  0.786 
MHW  =  0.711 
MSL  =  -0.029 
MLW  =  -0.773 
MLLW =  -0.816 
LWL  =  -1.120 
4 / 2017 : 
HWL  =  1.399 
MHHW =  0.948 
MHW  =  0.841 
MSL  =  0.106 
MLW  =  -0.647 
MLLW =  -0.692 
LWL  =  -1.104 
5 / 2017 : 
HWL  =  1.173 
MHHW =  0.908 
MHW  =  0.780 
MSL  =  0.048 
MLW  =  -0.699 
MLLW =  -0.743 
LWL  =  -1.127 
6 / 2017 : 
HWL  =  1.231 
MHHW =  0.948 
MHW  =  0.831 
MSL  =  0.112 
MLW  =  -0.628 
MLLW =  -0.676 
LWL  =  -1.051 
7 / 2017 : 
HWL  =  1.240 
MHHW =  0.891 
MHW  =  0.772 
MSL  =  0.060 
MLW  =  -0.666 
MLLW =  -0.716 
LWL  =  -1.021 
8 / 2017 : 
HWL  =  1.171 
MHHW =  0.996 
MHW  =  0.886 
MSL  =  0.188 
MLW  =  -0.523 
MLLW =  -0.568 
LWL  =  -0.866 
9 / 2017 : 
HWL  =  1.986 
MHHW =  1.153 
MHW  =  1.058 
MSL  =  0.363 
MLW  =  -0.353 
MLLW =  -0.394 
LWL  =  -0.750 
10 / 2017 : 
HWL  =  1.313 
MHHW =  1.049 
MHW  =  0.956 
MSL  =  0.252 
MLW  =  -0.467 
MLLW =  -0.497 
LWL  =  -0.753 
11 / 2017 : 
HWL  =  1.356 
MHHW =  0.999 
MHW  =  0.901 
MSL  =  0.178 
MLW  =  -0.560 
MLLW =  -0.593 
LWL  =  -0.856 
12 / 2017 : 
HWL  =  1.397 
MHHW =  0.904 
MHW  =  0.782 
MSL  =  0.045 
MLW  =  -0.701 
MLLW =  -0.757 
LWL  =  -1.011 
1 / 2018 : 
HWL  =  1.297 
MHHW =  0.812 
MHW  =  0.689 
MSL  =  -0.050 
MLW  =  -0.792 
MLLW =  -0.839 
LWL  =  -1.141 
2 / 2018 : 
HWL  =  1.239 
MHHW =  0.818 
MHW  =  0.708 
MSL  =  -0.006 
MLW  =  -0.724 
MLLW =  -0.771 
LWL  =  -1.027 
3 / 2018 : 
HWL  =  1.260 
MHHW =  0.956 
MHW  =  0.876 
MSL  =  0.137 
MLW  =  -0.612 
MLLW =  -0.676 
LWL  =  -1.151 
4 / 2018 : 
HWL  =  1.257 
MHHW =  0.865 
MHW  =  0.770 
MSL  =  0.047 
MLW  =  -0.686 
MLLW =  -0.734 
LWL  =  -1.285 
5 / 2018 : 
HWL  =  1.139 
MHHW =  0.872 
MHW  =  0.751 
MSL  =  0.041 
MLW  =  -0.676 
MLLW =  -0.706 
LWL  =  -0.910 
6 / 2018 : 
HWL  =  1.233 
MHHW =  0.865 
MHW  =  0.731 
MSL  =  0.032 
MLW  =  -0.685 
MLLW =  -0.731 
LWL  =  -1.005 
7 / 2018 : 
HWL  =  1.335 
MHHW =  0.954 
MHW  =  0.830 
MSL  =  0.135 
MLW  =  -0.580 
MLLW =  -0.633 
LWL  =  -0.927 
8 / 2018 : 
HWL  =  1.225 
MHHW =  0.899 
MHW  =  0.795 
MSL  =  0.080 
MLW  =  -0.647 
MLLW =  -0.692 
LWL  =  -1.004 
9 / 2018 : 
HWL  =  1.325 
MHHW =  1.036 
MHW  =  0.943 
MSL  =  0.227 
MLW  =  -0.506 
MLLW =  -0.547 
LWL  =  -0.890 
10 / 2018 : 
HWL  =  1.412 
MHHW =  1.038 
MHW  =  0.936 
MSL  =  0.222 
MLW  =  -0.512 
MLLW =  -0.549 
LWL  =  -1.033 
11 / 2018 : 
HWL  =  1.684 
MHHW =  1.095 
MHW  =  0.967 
MSL  =  0.245 
MLW  =  -0.488 
MLLW =  -0.528 
LWL  =  -0.867 
12 / 2018 : 
HWL  =  1.454 
MHHW =  0.977 
MHW  =  0.864 
MSL  =  0.138 
MLW  =  -0.604 
MLLW =  -0.660 
LWL  =  -1.288 
1 / 2019 : 
HWL  =  1.232 
MHHW =  0.871 
MHW  =  0.755 
MSL  =  0.047 
MLW  =  -0.672 
MLLW =  -0.740 
LWL  =  -1.126 
2 / 2019 : 
HWL  =  1.445 
MHHW =  0.951 
MHW  =  0.843 
MSL  =  0.129 
MLW  =  -0.594 
MLLW =  -0.645 
LWL  =  -1.044 
3 / 2019 : 
HWL  =  1.337 
MHHW =  0.971 
MHW  =  0.871 
MSL  =  0.176 
MLW  =  -0.535 
MLLW =  -0.580 
LWL  =  -1.002 
4 / 2019 : 
HWL  =  1.304 
MHHW =  0.934 
MHW  =  0.821 
MSL  =  0.124 
MLW  =  -0.586 
MLLW =  -0.635 
LWL  =  -1.025 
5 / 2019 : 
HWL  =  1.330 
MHHW =  0.970 
MHW  =  0.848 
MSL  =  0.156 
MLW  =  -0.554 
MLLW =  -0.595 
LWL  =  -0.924 
6 / 2019 : 
HWL  =  1.296 
MHHW =  1.013 
MHW  =  0.867 
MSL  =  0.163 
MLW  =  -0.551 
MLLW =  -0.602 
LWL  =  -0.788 
7 / 2019 : 
HWL  =  1.390 
MHHW =  1.042 
MHW  =  0.902 
MSL  =  0.197 
MLW  =  -0.532 
MLLW =  -0.584 
LWL  =  -0.883 
8 / 2019 : 
HWL  =  1.468 
MHHW =  1.054 
MHW  =  0.943 
MSL  =  0.212 
MLW  =  -0.536 
MLLW =  -0.574 
LWL  =  -0.716 
9 / 2019 : 
HWL  =  1.463 
MHHW =  1.122 
MHW  =  1.042 
MSL  =  0.324 
MLW  =  -0.416 
MLLW =  -0.456 
LWL  =  -1.024 
10 / 2019 : 
HWL  =  1.464 
MHHW =  1.192 
MHW  =  1.088 
MSL  =  0.361 
MLW  =  -0.383 
MLLW =  -0.418 
LWL  =  -0.854 
11 / 2019 : 
HWL  =  1.474 
MHHW =  1.138 
MHW  =  1.024 
MSL  =  0.319 
MLW  =  -0.402 
MLLW =  -0.444 
LWL  =  -1.059 
12 / 2019 : 
HWL  =  1.478 
MHHW =  0.956 
MHW  =  0.827 
MSL  =  0.137 
MLW  =  -0.565 
MLLW =  -0.610 
LWL  =  -0.956 
1 / 2020 : 
HWL  =  1.341 
MHHW =  0.883 
MHW  =  0.743 
MSL  =  0.058 
MLW  =  -0.632 
MLLW =  -0.683 
LWL  =  -1.047 
2 / 2020 : 
HWL  =  1.269 
MHHW =  0.897 
MHW  =  0.782 
MSL  =  0.074 
MLW  =  -0.638 
MLLW =  -0.706 
LWL  =  -1.253 
3 / 2020 : 
HWL  =  1.143 
MHHW =  0.878 
MHW  =  0.776 
MSL  =  0.086 
MLW  =  -0.615 
MLLW =  -0.663 
LWL  =  -1.079 
4 / 2020 : 
HWL  =  1.383 
MHHW =  0.991 
MHW  =  0.864 
MSL  =  0.162 
MLW  =  -0.568 
MLLW =  -0.627 
LWL  =  -0.882 
5 / 2020 : 
HWL  =  1.329 
MHHW =  0.972 
MHW  =  0.851 
MSL  =  0.144 
MLW  =  -0.582 
MLLW =  -0.625 
LWL  =  -1.101 
6 / 2020 : 
HWL  =  1.256 
MHHW =  1.022 
MHW  =  0.883 
MSL  =  0.177 
MLW  =  -0.550 
MLLW =  -0.598 
LWL  =  -0.951 
7 / 2020 : 
HWL  =  1.320 
MHHW =  1.026 
MHW  =  0.885 
MSL  =  0.181 
MLW  =  -0.539 
MLLW =  -0.591 
LWL  =  -0.798 
8 / 2020 : 
HWL  =  1.302 
MHHW =  1.013 
MHW  =  0.894 
MSL  =  0.201 
MLW  =  -0.520 
MLLW =  -0.564 
LWL  =  -0.825 
9 / 2020 : 
HWL  =  1.548 
MHHW =  1.141 
MHW  =  1.047 
MSL  =  0.353 
MLW  =  -0.364 
MLLW =  -0.413 
LWL  =  -0.748 
10 / 2020 : 
HWL  =  1.510 
MHHW =  1.153 
MHW  =  1.059 
MSL  =  0.363 
MLW  =  -0.349 
MLLW =  -0.387 
LWL  =  -0.724 
11 / 2020 : 
HWL  =  1.510 
MHHW =  1.097 
MHW  =  0.975 
MSL  =  0.284 
MLW  =  -0.425 
MLLW =  -0.477 
LWL  =  -0.811 
12 / 2020 : 
HWL  =  1.515 
MHHW =  0.947 
MHW  =  0.781 
MSL  =  0.093 
MLW  =  -0.617 
MLLW =  -0.688 
LWL  =  -1.029 

 Meters 

That is all. 
